<testsuites id="" name="" tests="1" failures="0" skipped="0" errors="0" time="92.01313400000001">
<testsuite name="Regression\Portugal-07.spec.js" timestamp="2026-02-16T06:36:32.239Z" hostname="chromium" tests="1" failures="0" skipped="0" time="88.928" errors="0">
<testcase name="Portugal-07 Existing customer should be able to place order and ship to another country Spain" classname="Regression\Portugal-07.spec.js" time="88.928">
<system-out>
<![CDATA[
[[ATTACHMENT|test-results\Regression-Portugal-07-Por-2fc70-ip-to-another-country-Spain-chromium\test-finished-1.png]]

[[ATTACHMENT|test-results\Regression-Portugal-07-Por-2fc70-ip-to-another-country-Spain-chromium\video.webm]]
]]>
</system-out>
</testcase>
</testsuite>
</testsuites>