<testsuites id="" name="" tests="1" failures="0" skipped="0" errors="0" time="126.510297">
<testsuite name="Regression\Portugal-01.spec.js" timestamp="2026-02-16T08:09:27.998Z" hostname="chromium" tests="1" failures="0" skipped="0" time="114.337" errors="0">
<testcase name="P-01 Existing customer with customer specific pricing, order placement, payment method-credit card (Mastercard)" classname="Regression\Portugal-01.spec.js" time="114.337">
<system-out>
<![CDATA[
[[ATTACHMENT|test-results\Regression-Portugal-01-P-0-a16d1-hod-credit-card-Mastercard--chromium\test-finished-1.png]]

[[ATTACHMENT|test-results\Regression-Portugal-01-P-0-a16d1-hod-credit-card-Mastercard--chromium\video.webm]]

[[ATTACHMENT|test-results\Regression-Portugal-01-P-0-a16d1-hod-credit-card-Mastercard--chromium\trace.zip]]
]]>
</system-out>
</testcase>
</testsuite>
</testsuites>