<testsuites id="" name="" tests="1" failures="1" skipped="0" errors="0" time="601.552457">
<testsuite name="Regression\Portugal-05.spec.js" timestamp="2026-02-16T11:12:46.648Z" hostname="chromium" tests="1" failures="1" skipped="0" time="600.418" errors="0">
<testcase name="Portugal-05 Existing customer RFQ (Request for Quote) submission" classname="Regression\Portugal-05.spec.js" time="600.418">
<failure message="Portugal-05.spec.js:6:5 Portugal-05 Existing customer RFQ (Request for Quote) submission" type="FAILURE">
<![CDATA[  [chromium] › Regression\Portugal-05.spec.js:6:5 › Portugal-05 Existing customer RFQ (Request for Quote) submission 

    Test timeout of 600000ms exceeded.

    Error: apiRequestContext._wrapApiCall: ENOENT: no such file or directory, open 'C:\Users\RLE1602\Desktop\PlaywriteLeica\test-results\.playwright-artifacts-0\traces\8c23716904bd6a3a8d4d-2dde4d1310134ae85a86.network'

    Error: locator.click: Test ended.
    Call log:
      - waiting for getByRole('link', { name: 'Quote shopping_cart' })


      27 |   await page.keyboard.press('Enter');
      28 |   await page.getByRole('button', { name: 'Add To Quote' }).nth(0).click();
    > 29 |   await page.getByRole('link', { name: 'Quote shopping_cart' }).click();
         |                                                                 ^
      30 |   await page.waitForURL(/quote\.html/, { waitUntil: 'domcontentloaded' });
      31 |
      32 | });
        at C:\Users\RLE1602\Desktop\PlaywriteLeica\tests\Regression\Portugal-05.spec.js:29:65

    attachment #1: screenshot (image/png) ──────────────────────────────────────────────────────────
    ..\test-results\Regression-Portugal-05-Por-c794d-equest-for-Quote-submission-chromium\test-failed-1.png
    ────────────────────────────────────────────────────────────────────────────────────────────────

    Error Context: ..\test-results\Regression-Portugal-05-Por-c794d-equest-for-Quote-submission-chromium\error-context.md

    attachment #4: trace (application/zip) ─────────────────────────────────────────────────────────
    ..\test-results\Regression-Portugal-05-Por-c794d-equest-for-Quote-submission-chromium\trace.zip
    Usage:

        npx playwright show-trace ..\test-results\Regression-Portugal-05-Por-c794d-equest-for-Quote-submission-chromium\trace.zip

    ────────────────────────────────────────────────────────────────────────────────────────────────
]]>
</failure>
<system-out>
<![CDATA[
[[ATTACHMENT|test-results\Regression-Portugal-05-Por-c794d-equest-for-Quote-submission-chromium\test-failed-1.png]]

[[ATTACHMENT|test-results\Regression-Portugal-05-Por-c794d-equest-for-Quote-submission-chromium\error-context.md]]

[[ATTACHMENT|test-results\Regression-Portugal-05-Por-c794d-equest-for-Quote-submission-chromium\trace.zip]]
]]>
</system-out>
</testcase>
</testsuite>
</testsuites>